{"level":"error","message":"Jacob does not have an account, need to register.","timestamp":"11/26/2025, 6:34:51 PM"}
{"level":"error","message":"Jacob does not have an account, need to register.","timestamp":"11/26/2025, 6:35:41 PM"}
{"level":"error","message":"Jacob does not have an account, need to register.","timestamp":"11/26/2025, 6:36:12 PM"}
{"level":"error","message":"a does not have an account, need to register.","timestamp":"11/26/2025, 6:45:07 PM"}
{"level":"error","message":"Jacob does not have an account, need to register.","timestamp":"11/26/2025, 6:51:03 PM"}
{"level":"error","message":"Password is incorrect.","timestamp":"11/26/2025, 6:56:43 PM"}
{"level":"error","message":" does not have an account, need to register.","timestamp":"11/26/2025, 8:30:52 PM"}
{"level":"error","message":"abc does not have an account, need to register.","timestamp":"11/26/2025, 8:31:04 PM"}
{"level":"error","message":"Password is incorrect.","timestamp":"11/26/2025, 8:31:20 PM"}
{"level":"error","message":"Jacob2 does not have an account, need to register.","timestamp":"11/26/2025, 8:32:03 PM"}
{"level":"error","message":" does not have an account, need to register.","timestamp":"11/26/2025, 8:32:08 PM"}
{"level":"error","message":" does not have an account, need to register.","timestamp":"11/26/2025, 8:33:17 PM"}
{"level":"error","message":"Password is incorrect.","timestamp":"11/26/2025, 8:33:24 PM"}
{"level":"error","message":"Password is incorrect.","timestamp":"11/26/2025, 8:33:29 PM"}
{"level":"error","message":"Jacob1 does not have an account, need to register.","timestamp":"11/26/2025, 8:33:31 PM"}
{"level":"error","message":"Password is incorrect.","timestamp":"11/26/2025, 8:33:35 PM"}
{"level":"error","message":" does not have an account, need to register.","timestamp":"11/26/2025, 8:33:44 PM"}
{"level":"error","message":"Jacob already has an account","timestamp":"11/26/2025, 8:34:13 PM"}
{"level":"error","message":"Jacob already has an account","timestamp":"11/26/2025, 8:36:27 PM"}
{"level":"error","message":"Jacob already has an account","timestamp":"11/26/2025, 8:36:30 PM"}
{"level":"error","message":"Testat does not have an account, need to register.","timestamp":"11/26/2025, 8:51:26 PM"}
{"level":"error","message":"Password is incorrect.","timestamp":"11/26/2025, 8:51:44 PM"}
{"level":"error","message":"Password is incorrect.","timestamp":"11/26/2025, 8:57:33 PM"}
{"level":"error","message":"Password is incorrect.","timestamp":"11/26/2025, 9:26:28 PM"}
{"level":"error","message":"Test3 does not have an account, need to register.","timestamp":"11/26/2025, 9:30:09 PM"}
{"level":"error","message":"Test7 does not have an account, need to register.","timestamp":"11/26/2025, 9:30:57 PM"}
{"level":"error","message":"Test8 does not have an account, need to register.","timestamp":"11/26/2025, 9:31:13 PM"}
{"level":"error","message":"Test9 does not have an account, need to register.","timestamp":"11/26/2025, 9:48:07 PM"}
{"level":"error","message":"sadwawd does not have an account, need to register.","timestamp":"11/27/2025, 8:01:49 PM"}
{"level":"error","message":"Test23 does not have an account, need to register.","timestamp":"11/27/2025, 8:03:47 PM"}
{"level":"error","message":"Password is incorrect.","timestamp":"11/27/2025, 8:04:00 PM"}
{"level":"error","message":"Test8 already has an account","timestamp":"11/27/2025, 8:32:29 PM"}
